[2025-05-27 09:07:37] INFO: Loading environment from: C:\Users\eloyfernandez\Documents\Eloy\repos\Agentic RAG\advanced_rag\vector_database\.env
[2025-05-27 09:07:37] INFO: Loaded: SUPABASE_URL
[2025-05-27 09:07:37] INFO: Loaded: SUPABASE_SERVICE_KEY
[2025-05-27 09:07:37] SUCCESS: Loaded 2 environment variables from .env file
[2025-05-27 09:07:37] INFO: Starting deployment process...
[2025-05-27 09:07:37] INFO: Project directory: C:\Users\eloyfernandez\Documents\Eloy\repos\Agentic RAG\advanced_rag\vector_database
[2025-05-27 09:07:37] INFO: Checking environment variables...
[2025-05-27 09:07:37] SUCCESS: Environment variables are set
[2025-05-27 09:07:37] INFO: Checking for PostgreSQL client (psql)...
[2025-05-27 09:07:37] ERROR: psql command not found!
[2025-05-27 09:08:46] INFO: Loading environment from: C:\Users\eloyfernandez\Documents\Eloy\repos\Agentic RAG\advanced_rag\vector_database\.env
[2025-05-27 09:08:46] INFO: Loaded: SUPABASE_URL
[2025-05-27 09:08:46] INFO: Loaded: SUPABASE_SERVICE_KEY
[2025-05-27 09:08:46] SUCCESS: Loaded 2 environment variables from .env file
[2025-05-27 09:08:46] INFO: Starting deployment process...
[2025-05-27 09:08:46] INFO: Project directory: C:\Users\eloyfernandez\Documents\Eloy\repos\Agentic RAG\advanced_rag\vector_database
[2025-05-27 09:08:46] INFO: Checking environment variables...
[2025-05-27 09:08:46] SUCCESS: Environment variables are set
[2025-05-27 09:08:46] INFO: Checking for PostgreSQL client (psql)...
[2025-05-27 09:08:46] ERROR: psql command not found!
[2025-05-27 09:14:52] INFO: Loading environment from: C:\Users\eloyfernandez\Documents\Eloy\repos\Agentic RAG\advanced_rag\vector_database\.env
[2025-05-27 09:14:52] INFO: Loaded: SUPABASE_URL
[2025-05-27 09:14:52] INFO: Loaded: SUPABASE_SERVICE_KEY
[2025-05-27 09:14:52] SUCCESS: Loaded 2 environment variables from .env file
[2025-05-27 09:14:52] INFO: Starting deployment process...
[2025-05-27 09:14:53] INFO: Project directory: C:\Users\eloyfernandez\Documents\Eloy\repos\Agentic RAG\advanced_rag\vector_database
[2025-05-27 09:14:53] INFO: Checking environment variables...
[2025-05-27 09:14:53] SUCCESS: Environment variables are set
[2025-05-27 09:14:53] INFO: Checking for PostgreSQL client (psql)...
[2025-05-27 09:14:53] ERROR: psql command not found!
[2025-05-27 09:16:24] INFO: Loading environment from: C:\Users\eloyfernandez\Documents\Eloy\repos\Agentic RAG\advanced_rag\vector_database\.env
[2025-05-27 09:16:24] INFO: Loaded: SUPABASE_URL
[2025-05-27 09:16:24] INFO: Loaded: SUPABASE_SERVICE_KEY
[2025-05-27 09:16:24] SUCCESS: Loaded 2 environment variables from .env file
[2025-05-27 09:16:24] INFO: Starting deployment process...
[2025-05-27 09:16:24] INFO: Project directory: C:\Users\eloyfernandez\Documents\Eloy\repos\Agentic RAG\advanced_rag\vector_database
[2025-05-27 09:16:24] INFO: Checking environment variables...
[2025-05-27 09:16:24] SUCCESS: Environment variables are set
[2025-05-27 09:16:24] INFO: Checking for PostgreSQL client (psql)...
[2025-05-27 09:16:24] ERROR: psql command not found!
[2025-05-27 09:16:55] INFO: Loading environment from: C:\Users\eloyfernandez\Documents\Eloy\repos\Agentic RAG\advanced_rag\vector_database\.env
[2025-05-27 09:16:55] INFO: Loaded: SUPABASE_URL
[2025-05-27 09:16:55] INFO: Loaded: SUPABASE_SERVICE_KEY
[2025-05-27 09:16:55] SUCCESS: Loaded 2 environment variables from .env file
[2025-05-27 09:16:55] INFO: Starting deployment process...
[2025-05-27 09:16:55] INFO: Project directory: C:\Users\eloyfernandez\Documents\Eloy\repos\Agentic RAG\advanced_rag\vector_database
[2025-05-27 09:16:55] INFO: Checking environment variables...
[2025-05-27 09:16:55] SUCCESS: Environment variables are set
[2025-05-27 09:16:55] INFO: Checking for PostgreSQL client (psql)...
[2025-05-27 09:16:55] ERROR: psql command not found!
[2025-05-27 09:18:50] INFO: Loading environment from: C:\Users\eloyfernandez\Documents\Eloy\repos\Agentic RAG\advanced_rag\vector_database\.env
[2025-05-27 09:18:50] INFO: Loaded: SUPABASE_URL
[2025-05-27 09:18:50] INFO: Loaded: SUPABASE_SERVICE_KEY
[2025-05-27 09:18:50] SUCCESS: Loaded 2 environment variables from .env file
[2025-05-27 09:18:50] INFO: Starting deployment process...
[2025-05-27 09:18:50] INFO: Project directory: C:\Users\eloyfernandez\Documents\Eloy\repos\Agentic RAG\advanced_rag\vector_database
[2025-05-27 09:18:50] INFO: Checking environment variables...
[2025-05-27 09:18:50] SUCCESS: Environment variables are set
[2025-05-27 09:18:50] INFO: Checking for PostgreSQL client (psql)...
[2025-05-27 09:18:50] SUCCESS: Found psql at: C:\Program Files\PostgreSQL\17\bin\psql.exe
[2025-05-27 09:18:50] INFO: Extracting database connection details...
[2025-05-27 09:18:50] INFO: Database host: db.dcgbnntxayqoqxoojdzj.supabase.co
[2025-05-27 09:18:50] INFO: Database name: postgres
[2025-05-27 09:18:50] INFO: Database user: postgres
[2025-05-27 09:18:50] INFO: Testing database connection...
[2025-05-27 09:18:51] ERROR: Exception during connection test: psql: error: connection to server at "db.dcgbnntxayqoqxoojdzj.supabase.co" (2a05:d012:42e:570f:ab32:3bf4:83cb:5bcc), port 5432 failed: FATAL:  password authentication failed for user "postgres"
